<?xml version="1.0" encoding="UTF-8"?>
<!-- Generated by org.testng.reporters.JUnitReportReporter -->
<testsuite skipped="0" hostname="DESKTOP-ORP0362" name="example.Unit" tests="1" failures="0" timestamp="2019-07-09T19:58:18 CEST" time="0.004" errors="0">
  <testcase name="test1" time="0.004" classname="example.Unit"/>
</testsuite> <!-- example.Unit -->
